<?xml version="1.0" encoding="UTF-8"?>
<!-- Generated by org.testng.reporters.JUnitReportReporter -->
<testsuite skipped="0" hostname="DESKTOP-KDSICK6" name="TestNgDemo.ActiTimeLoginDemo" tests="1" failures="0" timestamp="2022-04-28T17:51:23 IST" time="7.903" errors="0">
  <testcase name="ActiLogin" time="7.903" classname="TestNgDemo.ActiTimeLoginDemo"/>
  <system-out/>
</testsuite> <!-- TestNgDemo.ActiTimeLoginDemo -->
